<?xml version="1.0" encoding="UTF-8"?>
<testsuite name="com.example.graphqlserver.GraphqlServerApplicationTests" tests="1" skipped="0" failures="0" errors="0" timestamp="2025-03-06T20:34:47" hostname="Tudors-MacBook-Pro.local" time="0.346">
  <properties/>
  <testcase name="contextLoads()" classname="com.example.graphqlserver.GraphqlServerApplicationTests" time="0.346"/>
  <system-out><![CDATA[22:34:47.216 [Test worker] INFO org.springframework.test.context.support.AnnotationConfigContextLoaderUtils -- Could not detect default configuration classes for test class [com.example.graphqlserver.GraphqlServerApplicationTests]: GraphqlServerApplicationTests does not declare any static, non-private, non-final, nested classes annotated with @Configuration.
22:34:47.254 [Test worker] INFO org.springframework.boot.test.context.SpringBootTestContextBootstrapper -- Found @SpringBootConfiguration com.example.graphqlserver.GraphqlServerApplication for test class com.example.graphqlserver.GraphqlServerApplicationTests

  .   ____          _            __ _ _
 /\\ / ___'_ __ _ _(_)_ __  __ _ \ \ \ \
( ( )\___ | '_ | '_| | '_ \/ _` | \ \ \ \
 \\/  ___)| |_)| | | | | || (_| |  ) ) ) )
  '  |____| .__|_| |_|_| |_\__, | / / / /
 =========|_|==============|___/=/_/_/_/

 :: Spring Boot ::                (v3.4.1)

2025-03-06T22:34:47.385+02:00  INFO 93248 --- [    Test worker] c.e.g.GraphqlServerApplicationTests      : Starting GraphqlServerApplicationTests using Java 18.0.2.1 with PID 93248 (started by tudor in /Users/tudor/wrk/java/gs-graphql-server-main/complete)
2025-03-06T22:34:47.385+02:00  INFO 93248 --- [    Test worker] c.e.g.GraphqlServerApplicationTests      : No active profile set, falling back to 1 default profile: "default"
2025-03-06T22:34:47.764+02:00  INFO 93248 --- [    Test worker] efaultSchemaResourceGraphQlSourceBuilder : Loaded 1 resource(s) in the GraphQL schema.
2025-03-06T22:34:47.851+02:00  INFO 93248 --- [    Test worker] o.s.b.a.g.GraphQlAutoConfiguration       : GraphQL schema inspection:
	Unmapped fields: {}
	Unmapped registrations: {}
	Unmapped arguments: {}
	Skipped types: []
2025-03-06T22:34:47.862+02:00  INFO 93248 --- [    Test worker] s.b.a.g.s.GraphQlWebMvcAutoConfiguration : GraphQL endpoint HTTP POST /graphql
2025-03-06T22:34:47.908+02:00  INFO 93248 --- [    Test worker] c.e.g.GraphqlServerApplicationTests      : Started GraphqlServerApplicationTests in 0.605 seconds (process running for 1.003)
]]></system-out>
  <system-err><![CDATA[]]></system-err>
</testsuite>
