<?xml version="1.0" encoding="UTF-8"?>
<testsuite name="com.example.graphqlserver.BookControllerTests" tests="1" skipped="0" failures="0" errors="0" timestamp="2025-03-06T20:34:48" hostname="Tudors-MacBook-Pro.local" time="0.047">
  <properties/>
  <testcase name="shouldGetFirstBook()" classname="com.example.graphqlserver.BookControllerTests" time="0.047"/>
  <system-out><![CDATA[2025-03-06T22:34:48.261+02:00  INFO 93248 --- [    Test worker] t.c.s.AnnotationConfigContextLoaderUtils : Could not detect default configuration classes for test class [com.example.graphqlserver.BookControllerTests]: BookControllerTests does not declare any static, non-private, non-final, nested classes annotated with @Configuration.
2025-03-06T22:34:48.266+02:00  INFO 93248 --- [    Test worker] .b.t.c.SpringBootTestContextBootstrapper : Found @SpringBootConfiguration com.example.graphqlserver.GraphqlServerApplication for test class com.example.graphqlserver.BookControllerTests

  .   ____          _            __ _ _
 /\\ / ___'_ __ _ _(_)_ __  __ _ \ \ \ \
( ( )\___ | '_ | '_| | '_ \/ _` | \ \ \ \
 \\/  ___)| |_)| | | | | || (_| |  ) ) ) )
  '  |____| .__|_| |_|_| |_\__, | / / / /
 =========|_|==============|___/=/_/_/_/

 :: Spring Boot ::                (v3.4.1)

2025-03-06T22:34:48.277+02:00  INFO 93248 --- [    Test worker] c.e.graphqlserver.BookControllerTests    : Starting BookControllerTests using Java 18.0.2.1 with PID 93248 (started by tudor in /Users/tudor/wrk/java/gs-graphql-server-main/complete)
2025-03-06T22:34:48.277+02:00  INFO 93248 --- [    Test worker] c.e.graphqlserver.BookControllerTests    : No active profile set, falling back to 1 default profile: "default"
2025-03-06T22:34:48.316+02:00  INFO 93248 --- [    Test worker] efaultSchemaResourceGraphQlSourceBuilder : Loaded 1 resource(s) in the GraphQL schema.
2025-03-06T22:34:48.320+02:00  INFO 93248 --- [    Test worker] o.s.b.a.g.GraphQlAutoConfiguration       : GraphQL schema inspection:
	Unmapped fields: {}
	Unmapped registrations: {}
	Unmapped arguments: {}
	Skipped types: []
2025-03-06T22:34:48.342+02:00  INFO 93248 --- [    Test worker] c.e.graphqlserver.BookControllerTests    : Started BookControllerTests in 0.075 seconds (process running for 1.438)
]]></system-out>
  <system-err><![CDATA[]]></system-err>
</testsuite>
